<?xml version="1.0" encoding="UTF-8"?>
<testng-results ignored="0" total="1" passed="1" failed="0" skipped="0">
  <reporter-output>
  </reporter-output>
  <suite started-at="2023-09-27T21:15:39 CDT" name="Default suite" finished-at="2023-09-27T21:15:58 CDT" duration-ms="19151">
    <groups>
    </groups>
    <test started-at="2023-09-27T21:15:39 CDT" name="Default test" finished-at="2023-09-27T21:15:58 CDT" duration-ms="19151">
      <class name="TestNGLogic.LoginPageTest">
        <test-method is-config="true" signature="setup()[pri:0, instance:TestNGLogic.LoginPageTest@3e11f9e9]" started-at="2023-09-27T21:15:39 CDT" name="setup" finished-at="2023-09-27T21:15:49 CDT" duration-ms="10062" status="PASS">
          <reporter-output>
          </reporter-output>
        </test-method> <!-- setup -->
        <test-method signature="loginPageTitleTest()[pri:1, instance:TestNGLogic.LoginPageTest@3e11f9e9]" started-at="2023-09-27T21:15:49 CDT" name="loginPageTitleTest" finished-at="2023-09-27T21:15:58 CDT" duration-ms="8991" status="PASS">
          <reporter-output>
          </reporter-output>
        </test-method> <!-- loginPageTitleTest -->
        <test-method is-config="true" signature="tearDown()[pri:0, instance:TestNGLogic.LoginPageTest@3e11f9e9]" started-at="2023-09-27T21:15:58 CDT" name="tearDown" finished-at="2023-09-27T21:15:58 CDT" duration-ms="1" status="PASS">
          <reporter-output>
          </reporter-output>
        </test-method> <!-- tearDown -->
      </class> <!-- TestNGLogic.LoginPageTest -->
    </test> <!-- Default test -->
  </suite> <!-- Default suite -->
</testng-results>
