<?xml version="1.0" encoding="UTF-8"?>
<testng-results ignored="0" total="2" passed="2" failed="0" skipped="0">
  <reporter-output>
  </reporter-output>
  <suite started-at="2023-09-26T10:20:07 CDT" name="Regression Suite" finished-at="2023-09-26T10:20:07 CDT" duration-ms="93">
    <groups>
    </groups>
    <test started-at="2023-09-26T10:20:07 CDT" name="Automation" finished-at="2023-09-26T10:20:07 CDT" duration-ms="93">
      <class name="TestNGLogic.OrderAnnotations">
        <test-method is-config="true" signature="beforeMethod()[pri:0, instance:TestNGLogic.OrderAnnotations@4a668b6e]" started-at="2023-09-26T10:20:07 CDT" name="beforeMethod" finished-at="2023-09-26T10:20:07 CDT" duration-ms="13" status="PASS">
          <reporter-output>
          </reporter-output>
        </test-method> <!-- beforeMethod -->
        <test-method signature="newTestMethod()[pri:0, instance:TestNGLogic.OrderAnnotations@4a668b6e]" started-at="2023-09-26T10:20:07 CDT" name="newTestMethod" finished-at="2023-09-26T10:20:07 CDT" duration-ms="2" status="PASS">
          <reporter-output>
          </reporter-output>
        </test-method> <!-- newTestMethod -->
        <test-method is-config="true" signature="afterMethod()[pri:0, instance:TestNGLogic.OrderAnnotations@4a668b6e]" started-at="2023-09-26T10:20:07 CDT" name="afterMethod" finished-at="2023-09-26T10:20:07 CDT" duration-ms="1" status="PASS">
          <reporter-output>
          </reporter-output>
        </test-method> <!-- afterMethod -->
        <test-method is-config="true" signature="beforeMethod()[pri:0, instance:TestNGLogic.OrderAnnotations@4a668b6e]" started-at="2023-09-26T10:20:07 CDT" name="beforeMethod" finished-at="2023-09-26T10:20:07 CDT" duration-ms="0" status="PASS">
          <reporter-output>
          </reporter-output>
        </test-method> <!-- beforeMethod -->
        <test-method signature="testMethod()[pri:0, instance:TestNGLogic.OrderAnnotations@4a668b6e]" started-at="2023-09-26T10:20:07 CDT" name="testMethod" finished-at="2023-09-26T10:20:07 CDT" duration-ms="1" status="PASS">
          <reporter-output>
          </reporter-output>
        </test-method> <!-- testMethod -->
        <test-method is-config="true" signature="afterMethod()[pri:0, instance:TestNGLogic.OrderAnnotations@4a668b6e]" started-at="2023-09-26T10:20:07 CDT" name="afterMethod" finished-at="2023-09-26T10:20:07 CDT" duration-ms="1" status="PASS">
          <reporter-output>
          </reporter-output>
        </test-method> <!-- afterMethod -->
      </class> <!-- TestNGLogic.OrderAnnotations -->
    </test> <!-- Automation -->
  </suite> <!-- Regression Suite -->
</testng-results>
